<?xml version="1.0" encoding="UTF-8"?>
<!-- Generated by org.testng.reporters.JUnitReportReporter -->
<testsuite skipped="0" hostname="DESKTOP-BJRI03P" name="com.wanafood.testcases.WanaFoodAgent_testcases" tests="6" failures="0" timestamp="22 Dec 2019 12:27:48 GMT" time="97.668" errors="0">
  <testcase name="login" time="28.882" classname="com.wanafood.testcases.WanaFoodAgent_testcases"/>
  <testcase name="login" time="23.963" classname="com.wanafood.testcases.WanaFoodAgent_testcases"/>
  <testcase name="login" time="10.505" classname="com.wanafood.testcases.WanaFoodAgent_testcases"/>
  <testcase name="orderSum" time="19.163" classname="com.wanafood.testcases.WanaFoodAgent_testcases"/>
  <testcase name="order_pickup" time="5.259" classname="com.wanafood.testcases.WanaFoodAgent_testcases"/>
  <testcase name="setGoOFFduty" time="9.896" classname="com.wanafood.testcases.WanaFoodAgent_testcases"/>
</testsuite> <!-- com.wanafood.testcases.WanaFoodAgent_testcases -->
