<?xml version="1.0" encoding="UTF-8"?>
<!-- Generated by org.testng.reporters.JUnitReportReporter -->
<testsuite skipped="0" hostname="DESKTOP-BJRI03P" name="com.wanafood.testcases.Wanafoodagent_OrderSummary" tests="2" failures="0" timestamp="22 Dec 2019 11:38:07 GMT" time="29.987" errors="0">
  <testcase name="login" time="10.478" classname="com.wanafood.testcases.Wanafoodagent_OrderSummary"/>
  <testcase name="orderSum" time="19.509" classname="com.wanafood.testcases.Wanafoodagent_OrderSummary"/>
</testsuite> <!-- com.wanafood.testcases.Wanafoodagent_OrderSummary -->
